<?xml version="1.0" encoding="UTF-8"?>
<!-- Generated by org.testng.reporters.JUnitXMLReporter -->
<testsuite ignored="0" hostname="DESKTOP-BTLCFE6" failures="1" tests="1" name="Manager Login Test" time="0.775" errors="0" timestamp="2024-03-01T19:02:49 EET">
  <testcase classname="testcases.BankManagerLoginTest" name="loginAsBankManager" time="0.748">
    <failure type="java.lang.AssertionError" message="test the listeners">
      <![CDATA[java.lang.AssertionError: test the listeners
at testcases.BankManagerLoginTest.loginAsBankManager(BankManagerLoginTest.java:18)
at java.base/java.util.ArrayList.forEach(ArrayList.java:1596)
... Removed 30 stack frames]]>
    </failure>
  </testcase> <!-- loginAsBankManager -->
</testsuite> <!-- Manager Login Test -->
