<?xml version="1.0" encoding="UTF-8"?>
<testng-results ignored="0" total="2" passed="2" failed="0" skipped="0">
  <reporter-output>
  </reporter-output>
  <suite started-at="2024-03-01T15:54:27 EET" name="Data Driven Basics" finished-at="2024-03-01T15:54:29 EET" duration-ms="1393">
    <groups>
    </groups>
    <test started-at="2024-03-01T15:54:27 EET" name="Manager Login Test" finished-at="2024-03-01T15:54:28 EET" duration-ms="722">
      <class name="testcases.BankManagerLoginTest">
        <test-method signature="loginAsBankManager()[pri:0, instance:testcases.BankManagerLoginTest@235a0c16]" started-at="2024-03-01T15:54:27 EET" name="loginAsBankManager" finished-at="2024-03-01T15:54:28 EET" duration-ms="697" status="PASS">
          <reporter-output>
          </reporter-output>
        </test-method> <!-- loginAsBankManager -->
      </class> <!-- testcases.BankManagerLoginTest -->
    </test> <!-- Manager Login Test -->
    <test started-at="2024-03-01T15:54:28 EET" name="Add Customer Test" finished-at="2024-03-01T15:54:29 EET" duration-ms="644">
      <class name="testcases.AddCustomerTest">
        <test-method is-config="true" signature="setUp()[pri:0, instance:testcases.AddCustomerTest@53dacd14]" started-at="2024-03-01T15:54:24 EET" name="setUp" finished-at="2024-03-01T15:54:27 EET" duration-ms="3194" status="PASS">
          <reporter-output>
          </reporter-output>
        </test-method> <!-- setUp -->
        <test-method signature="addCustomer(java.lang.String,java.lang.String,java.lang.String)[pri:0, instance:testcases.AddCustomerTest@53dacd14]" started-at="2024-03-01T15:54:28 EET" name="addCustomer" data-provider="getData" finished-at="2024-03-01T15:54:29 EET" duration-ms="626" status="PASS">
          <params>
            <param index="0">
              <value>
                <![CDATA[RandName]]>
              </value>
            </param>
            <param index="1">
              <value>
                <![CDATA[RandLast]]>
              </value>
            </param>
            <param index="2">
              <value>
                <![CDATA[23246.0]]>
              </value>
            </param>
          </params>
          <reporter-output>
          </reporter-output>
        </test-method> <!-- addCustomer -->
        <test-method is-config="true" signature="testDown()[pri:0, instance:testcases.AddCustomerTest@53dacd14]" started-at="2024-03-01T15:54:29 EET" name="testDown" finished-at="2024-03-01T15:54:29 EET" duration-ms="2" status="PASS">
          <reporter-output>
          </reporter-output>
        </test-method> <!-- testDown -->
      </class> <!-- testcases.AddCustomerTest -->
    </test> <!-- Add Customer Test -->
  </suite> <!-- Data Driven Basics -->
</testng-results>
