-------------------------------------------------------------------------------
Test set: TestSuite
-------------------------------------------------------------------------------
Tests run: 2, Failures: 1, Errors: 0, Skipped: 0, Time elapsed: 6.238 s <<< FAILURE! - in TestSuite
testcases.AddCustomerTest.addCustomer  Time elapsed: 0.791 s  <<< FAILURE!
java.lang.AssertionError: reason
	at testcases.AddCustomerTest.addCustomer(AddCustomerTest.java:23)

